!SESSION 2013-08-02 09:59:32.320 -----------------------------------------------
eclipse.buildId=unknown
java.version=1.7.0_25
java.vendor=Oracle Corporation
BootLoader constants: OS=linux, ARCH=x86_64, WS=gtk, NL=en_US
Command-line arguments:  -console -consoleLog

!ENTRY org.opendaylight.controller.thirdparty.com.sun.jersey.jersey-servlet 4 0 2013-08-02 11:35:45.003
!MESSAGE FrameworkEvent ERROR
!STACK 0
org.osgi.framework.BundleException: State change in progress for bundle "file:/home/user/controller/opendaylight/distribution/opendaylight/target/distribution.opendaylight-0.1.0-SNAPSHOT-osgipackage/opendaylight/plugins/org.opendaylight.controller.thirdparty.com.sun.jersey.jersey-servlet-1.17-SNAPSHOT.jar" by thread "fileinstall-./plugins".
	at org.eclipse.osgi.framework.internal.core.AbstractBundle.beginStateChange(AbstractBundle.java:1088)
	at org.eclipse.osgi.framework.internal.core.PackageAdminImpl.suspendBundle(PackageAdminImpl.java:330)
	at org.eclipse.osgi.framework.internal.core.PackageAdminImpl.processDelta(PackageAdminImpl.java:467)
	at org.eclipse.osgi.framework.internal.core.PackageAdminImpl.doResolveBundles(PackageAdminImpl.java:251)
	at org.eclipse.osgi.framework.internal.core.PackageAdminImpl$1.run(PackageAdminImpl.java:174)
	at java.lang.Thread.run(Thread.java:724)
Caused by: org.eclipse.osgi.framework.internal.core.AbstractBundle$BundleStatusException
	... 6 more
Root exception:
org.eclipse.osgi.framework.internal.core.AbstractBundle$BundleStatusException
	at org.eclipse.osgi.framework.internal.core.AbstractBundle.beginStateChange(AbstractBundle.java:1088)
	at org.eclipse.osgi.framework.internal.core.PackageAdminImpl.suspendBundle(PackageAdminImpl.java:330)
	at org.eclipse.osgi.framework.internal.core.PackageAdminImpl.processDelta(PackageAdminImpl.java:467)
	at org.eclipse.osgi.framework.internal.core.PackageAdminImpl.doResolveBundles(PackageAdminImpl.java:251)
	at org.eclipse.osgi.framework.internal.core.PackageAdminImpl$1.run(PackageAdminImpl.java:174)
	at java.lang.Thread.run(Thread.java:724)

!ENTRY org.opendaylight.controller.thirdparty.com.sun.jersey.jersey-servlet 4 0 2013-08-02 11:35:50.025
!MESSAGE FrameworkEvent ERROR
!STACK 0
org.osgi.framework.BundleException: State change in progress for bundle "file:/home/user/controller/opendaylight/distribution/opendaylight/target/distribution.opendaylight-0.1.0-SNAPSHOT-osgipackage/opendaylight/plugins/org.opendaylight.controller.thirdparty.com.sun.jersey.jersey-servlet-1.17-SNAPSHOT.jar" by thread "fileinstall-./plugins".
	at org.eclipse.osgi.framework.internal.core.AbstractBundle.beginStateChange(AbstractBundle.java:1088)
	at org.eclipse.osgi.framework.internal.core.AbstractBundle.resume(AbstractBundle.java:387)
	at org.eclipse.osgi.framework.internal.core.Framework.resumeBundle(Framework.java:1176)
	at org.eclipse.osgi.framework.internal.core.PackageAdminImpl.resumeBundles(PackageAdminImpl.java:317)
	at org.eclipse.osgi.framework.internal.core.PackageAdminImpl.processDelta(PackageAdminImpl.java:556)
	at org.eclipse.osgi.framework.internal.core.PackageAdminImpl.doResolveBundles(PackageAdminImpl.java:251)
	at org.eclipse.osgi.framework.internal.core.PackageAdminImpl$1.run(PackageAdminImpl.java:174)
	at java.lang.Thread.run(Thread.java:724)
Caused by: org.eclipse.osgi.framework.internal.core.AbstractBundle$BundleStatusException
	... 8 more
Root exception:
org.eclipse.osgi.framework.internal.core.AbstractBundle$BundleStatusException
	at org.eclipse.osgi.framework.internal.core.AbstractBundle.beginStateChange(AbstractBundle.java:1088)
	at org.eclipse.osgi.framework.internal.core.AbstractBundle.resume(AbstractBundle.java:387)
	at org.eclipse.osgi.framework.internal.core.Framework.resumeBundle(Framework.java:1176)
	at org.eclipse.osgi.framework.internal.core.PackageAdminImpl.resumeBundles(PackageAdminImpl.java:317)
	at org.eclipse.osgi.framework.internal.core.PackageAdminImpl.processDelta(PackageAdminImpl.java:556)
	at org.eclipse.osgi.framework.internal.core.PackageAdminImpl.doResolveBundles(PackageAdminImpl.java:251)
	at org.eclipse.osgi.framework.internal.core.PackageAdminImpl$1.run(PackageAdminImpl.java:174)
	at java.lang.Thread.run(Thread.java:724)
